Using pre-set license
Built from '2020.3/staging' branch; Version is '2020.3.6f1 (338bb68529b2) revision 3378102'; Using compiler version '192528614'; Build Type 'Release'
OS: 'Windows 10 Pro; OS build 19041.928; Version 2004; 64bit' Language: 'en' Physical Memory: 16326 MB
BatchMode: 1, IsHumanControllingUs: 0, StartBugReporterOnCrash: 0, Is64bit: 1, IsPro: 0

 COMMAND LINE ARGUMENTS:
C:\Program Files\Unity\Hub\Editor\2020.3.6f1\Editor\Unity.exe
-adb2
-batchMode
-noUpm
-name
AssetImportWorker0
-projectPath
C:/dev/FrogueLike/Unity/FrogueLike
-logFile
Logs/AssetImportWorker0.log
-srvPort
63795
Successfully changed project path to: C:/dev/FrogueLike/Unity/FrogueLike
C:/dev/FrogueLike/Unity/FrogueLike
Using Asset Import Pipeline V2.
Refreshing native plugins compatible for Editor in 36.50 ms, found 1 plugins.
Preloading 0 native plugins for Editor in 0.00 ms.
Initialize engine version: 2020.3.6f1 (338bb68529b2)
[Subsystems] Discovering subsystems at path C:/Program Files/Unity/Hub/Editor/2020.3.6f1/Editor/Data/Resources/UnitySubsystems
[Subsystems] Discovering subsystems at path C:/dev/FrogueLike/Unity/FrogueLike/Assets
GfxDevice: creating device client; threaded=0
Direct3D:
    Version:  Direct3D 11.0 [level 11.1]
    Renderer: NVIDIA GeForce GT 1030 (ID=0x1d01)
    Vendor:   
    VRAM:     1982 MB
    Driver:   27.21.14.5671
Initialize mono
Mono path[0] = 'C:/Program Files/Unity/Hub/Editor/2020.3.6f1/Editor/Data/Managed'
Mono path[1] = 'C:/Program Files/Unity/Hub/Editor/2020.3.6f1/Editor/Data/MonoBleedingEdge/lib/mono/unityjit'
Mono config path = 'C:/Program Files/Unity/Hub/Editor/2020.3.6f1/Editor/Data/MonoBleedingEdge/etc'
Using monoOptions --debugger-agent=transport=dt_socket,embedding=1,server=y,suspend=n,address=127.0.0.1:56296
Begin MonoManager ReloadAssembly
Registering precompiled unity dll's ...
Register platform support module: C:/Program Files/Unity/Hub/Editor/2020.3.6f1/Editor/Data/PlaybackEngines/WebGLSupport/UnityEditor.WebGL.Extensions.dll
Register platform support module: C:/Program Files/Unity/Hub/Editor/2020.3.6f1/Editor/Data/PlaybackEngines/WindowsStandaloneSupport/UnityEditor.WindowsStandalone.Extensions.dll
Registered in 0.002368 seconds.
Native extension for WindowsStandalone target not found
Native extension for WebGL target not found
Refreshing native plugins compatible for Editor in 35.52 ms, found 1 plugins.
Preloading 0 native plugins for Editor in 0.00 ms.
Mono: successfully reloaded assembly
- Completed reload, in  1.253 seconds
Platform modules already initialized, skipping
Registering precompiled user dll's ...
Registered in 0.000905 seconds.
Begin MonoManager ReloadAssembly
Native extension for WindowsStandalone target not found
Native extension for WebGL target not found
Refreshing native plugins compatible for Editor in 35.37 ms, found 1 plugins.
Preloading 0 native plugins for Editor in 0.00 ms.
Mono: successfully reloaded assembly
- Completed reload, in  1.057 seconds
Platform modules already initialized, skipping
========================================================================
Worker process is ready to serve import requests
Launched and connected shader compiler UnityShaderCompiler.exe after 0.04 seconds
Refreshing native plugins compatible for Editor in 0.38 ms, found 1 plugins.
Preloading 0 native plugins for Editor in 0.00 ms.
Unloading 1807 Unused Serialized files (Serialized files now loaded: 0)
System memory in use before: 84.8 MB.
System memory in use after: 84.8 MB.

Unloading 24 unused Assets to reduce memory usage. Loaded Objects now: 2249.
Total: 2.046400 ms (FindLiveObjects: 0.187400 ms CreateObjectMapping: 0.075000 ms MarkObjects: 1.647800 ms  DeleteObjects: 0.135400 ms)

========================================================================
Received Import Request.
  path: Assets
  artifactKey: Guid(00000000000000001000000000000000) Importer(815301076,1909f56bfc062723c751e8b465ee728b)
Start importing Assets using Guid(00000000000000001000000000000000) Importer(815301076,1909f56bfc062723c751e8b465ee728b)  -> (artifact id: '9036f258dd088424c037afdc95a7704d') in 0.008772 seconds
  Import took 0.012239 seconds .

========================================================================
Received Import Request.
  Time since last request: 2.070983 seconds.
  path: Assets/Resources
  artifactKey: Guid(3ba227db0ea0f0748a7ae44d16108c8f) Importer(815301076,1909f56bfc062723c751e8b465ee728b)
Start importing Assets/Resources using Guid(3ba227db0ea0f0748a7ae44d16108c8f) Importer(815301076,1909f56bfc062723c751e8b465ee728b)  -> (artifact id: '3534c21db233c077ec2d282f98c6389c') in 0.007490 seconds
  Import took 0.010726 seconds .

========================================================================
Received Import Request.
  Time since last request: 7.371389 seconds.
  path: Assets/Resources/IMages
  artifactKey: Guid(32b902bd19bef2e4eb710aa2b1ddfbcc) Importer(815301076,1909f56bfc062723c751e8b465ee728b)
Start importing Assets/Resources/IMages using Guid(32b902bd19bef2e4eb710aa2b1ddfbcc) Importer(815301076,1909f56bfc062723c751e8b465ee728b)  -> (artifact id: '79ff9fe9d4b153ff4176fefe32140a98') in 0.008436 seconds
  Import took 0.011780 seconds .

========================================================================
Received Import Request.
  Time since last request: 5.711246 seconds.
  path: Assets/Resources/Images
  artifactKey: Guid(32b902bd19bef2e4eb710aa2b1ddfbcc) Importer(815301076,1909f56bfc062723c751e8b465ee728b)
Start importing Assets/Resources/Images using Guid(32b902bd19bef2e4eb710aa2b1ddfbcc) Importer(815301076,1909f56bfc062723c751e8b465ee728b)  -> (artifact id: '1e6f1db4f32a589af314c6ce0b5e40c1') in 0.007373 seconds
  Import took 0.010646 seconds .

========================================================================
Received Import Request.
  Time since last request: 46.409230 seconds.
  path: Assets/Resources/Matrerials
  artifactKey: Guid(67726acfb1d80374884b03e6ddd32dc6) Importer(815301076,1909f56bfc062723c751e8b465ee728b)
Start importing Assets/Resources/Matrerials using Guid(67726acfb1d80374884b03e6ddd32dc6) Importer(815301076,1909f56bfc062723c751e8b465ee728b)  -> (artifact id: '2192254988d41a9ed1eea96c1a8cc4fb') in 0.008767 seconds
  Import took 0.012459 seconds .

========================================================================
Received Import Request.
  Time since last request: 5.530481 seconds.
  path: Assets/Resources/Images/progress_bar_inside.png
  artifactKey: Guid(1c0823356f3f1d4479452901d604ef41) Importer(815301076,1909f56bfc062723c751e8b465ee728b)
Start importing Assets/Resources/Images/progress_bar_inside.png using Guid(1c0823356f3f1d4479452901d604ef41) Importer(815301076,1909f56bfc062723c751e8b465ee728b)  -> (artifact id: 'e3cc882cf85c87c819428c4db82ba141') in 0.136822 seconds
  Import took 0.140309 seconds .

========================================================================
Received Import Request.
  Time since last request: 0.000175 seconds.
  path: Assets/Resources/Images/wall_tiles.png
  artifactKey: Guid(62405da26d472194ca1f63a02cd314eb) Importer(815301076,1909f56bfc062723c751e8b465ee728b)
Start importing Assets/Resources/Images/wall_tiles.png using Guid(62405da26d472194ca1f63a02cd314eb) Importer(815301076,1909f56bfc062723c751e8b465ee728b)  -> (artifact id: 'c66aa1667b622740aa67ea62cc231245') in 0.014177 seconds
  Import took 0.017021 seconds .

========================================================================
Received Import Request.
  Time since last request: 0.000164 seconds.
  path: Assets/Resources/Images/white_pixel.png
  artifactKey: Guid(0710773447ec43c438519591f08ca239) Importer(815301076,1909f56bfc062723c751e8b465ee728b)
Start importing Assets/Resources/Images/white_pixel.png using Guid(0710773447ec43c438519591f08ca239) Importer(815301076,1909f56bfc062723c751e8b465ee728b)  -> (artifact id: '37091626c1b5022f36a86a7c5970485c') in 0.011004 seconds
  Import took 0.014084 seconds .

========================================================================
Received Import Request.
  Time since last request: 0.000174 seconds.
  path: Assets/Resources/Images/tongue.png
  artifactKey: Guid(fdc746e5aaef1064d987d83b678a34c4) Importer(815301076,1909f56bfc062723c751e8b465ee728b)
Start importing Assets/Resources/Images/tongue.png using Guid(fdc746e5aaef1064d987d83b678a34c4) Importer(815301076,1909f56bfc062723c751e8b465ee728b)  -> (artifact id: '7333b749e468711793a35aba98796321') in 0.011083 seconds
  Import took 0.014006 seconds .

========================================================================
Received Import Request.
  Time since last request: 0.000165 seconds.
  path: Assets/Resources/Images/progress_bar_outside.png
  artifactKey: Guid(d445ff43ff426a646a68e619c4edf049) Importer(815301076,1909f56bfc062723c751e8b465ee728b)
Start importing Assets/Resources/Images/progress_bar_outside.png using Guid(d445ff43ff426a646a68e619c4edf049) Importer(815301076,1909f56bfc062723c751e8b465ee728b)  -> (artifact id: '2104f90fa88d6fe551b82b76cc087a84') in 0.010155 seconds
  Import took 0.013232 seconds .

========================================================================
Received Import Request.
  Time since last request: 4.552348 seconds.
  path: Assets/Resources/Materials
  artifactKey: Guid(67726acfb1d80374884b03e6ddd32dc6) Importer(815301076,1909f56bfc062723c751e8b465ee728b)
Start importing Assets/Resources/Materials using Guid(67726acfb1d80374884b03e6ddd32dc6) Importer(815301076,1909f56bfc062723c751e8b465ee728b)  -> (artifact id: '50a5775795fdfe1ab3423b6bbe8cdf65') in 0.007263 seconds
  Import took 0.011282 seconds .

========================================================================
Received Import Request.
  Time since last request: 9.889944 seconds.
  path: Assets/Resources/Prefabs
  artifactKey: Guid(699861a5458533644904c8b94bfa257c) Importer(815301076,1909f56bfc062723c751e8b465ee728b)
Start importing Assets/Resources/Prefabs using Guid(699861a5458533644904c8b94bfa257c) Importer(815301076,1909f56bfc062723c751e8b465ee728b)  -> (artifact id: '34e805c490008bd5a594a4a29ae68018') in 0.008238 seconds
  Import took 0.011844 seconds .

========================================================================
Received Import Request.
  Time since last request: 7.486649 seconds.
  path: Assets/Resources/Tiles
  artifactKey: Guid(d8d32110d0f5fa34d826796393535897) Importer(815301076,1909f56bfc062723c751e8b465ee728b)
Start importing Assets/Resources/Tiles using Guid(d8d32110d0f5fa34d826796393535897) Importer(815301076,1909f56bfc062723c751e8b465ee728b)  -> (artifact id: '3fb18d60166b106238730a95e57d1a11') in 0.007657 seconds
  Import took 0.011798 seconds .

========================================================================
Received Import Request.
  Time since last request: 51.754348 seconds.
  path: Assets/Scenes
  artifactKey: Guid(503438c25dfdbf34b999c5f243fddf29) Importer(815301076,1909f56bfc062723c751e8b465ee728b)
Start importing Assets/Scenes using Guid(503438c25dfdbf34b999c5f243fddf29) Importer(815301076,1909f56bfc062723c751e8b465ee728b)  -> (artifact id: '369648049ad0db9b45bfb9d7b30f8a1d') in 0.008063 seconds
  Import took 0.011965 seconds .

========================================================================
Received Import Request.
  Time since last request: 1.072464 seconds.
  path: Assets/Scenes/SampleScene.unity
  artifactKey: Guid(2cda990e2423bbf4892e6590ba056729) Importer(815301076,1909f56bfc062723c751e8b465ee728b)
Start importing Assets/Scenes/SampleScene.unity using Guid(2cda990e2423bbf4892e6590ba056729) Importer(815301076,1909f56bfc062723c751e8b465ee728b)  -> (artifact id: 'f30243fa2605befef8a6b34f4ee428f6') in 0.010748 seconds
  Import took 0.014601 seconds .

========================================================================
Received Import Request.
  Time since last request: 3.801409 seconds.
  path: Assets/Scenes/OneLevelScene.unity
  artifactKey: Guid(77634059f38cf2d4e93b5649f4a39ffe) Importer(815301076,1909f56bfc062723c751e8b465ee728b)
Start importing Assets/Scenes/OneLevelScene.unity using Guid(77634059f38cf2d4e93b5649f4a39ffe) Importer(815301076,1909f56bfc062723c751e8b465ee728b)  -> (artifact id: '518276332f0e89a774b7ca1095444a97') in 0.008323 seconds
  Import took 0.012324 seconds .

AssetImportWorkerClient::OnTransportError - code=2 error=End of file
