Using pre-set license
Built from '2020.3/staging' branch; Version is '2020.3.6f1 (338bb68529b2) revision 3378102'; Using compiler version '192528614'; Build Type 'Release'
OS: 'Windows 10 Pro; OS build 19041.928; Version 2004; 64bit' Language: 'en' Physical Memory: 16326 MB
BatchMode: 1, IsHumanControllingUs: 0, StartBugReporterOnCrash: 0, Is64bit: 1, IsPro: 0

 COMMAND LINE ARGUMENTS:
C:\Program Files\Unity\Hub\Editor\2020.3.6f1\Editor\Unity.exe
-adb2
-batchMode
-noUpm
-name
AssetImportWorker1
-projectPath
C:/dev/MiniGameJam79/Unity
-logFile
Logs/AssetImportWorker1.log
-srvPort
63864
Successfully changed project path to: C:/dev/MiniGameJam79/Unity
C:/dev/MiniGameJam79/Unity
Using Asset Import Pipeline V2.
Refreshing native plugins compatible for Editor in 40.52 ms, found 1 plugins.
Preloading 0 native plugins for Editor in 0.00 ms.
Initialize engine version: 2020.3.6f1 (338bb68529b2)
[Subsystems] Discovering subsystems at path C:/Program Files/Unity/Hub/Editor/2020.3.6f1/Editor/Data/Resources/UnitySubsystems
[Subsystems] Discovering subsystems at path C:/dev/MiniGameJam79/Unity/Assets
GfxDevice: creating device client; threaded=0
Direct3D:
    Version:  Direct3D 11.0 [level 11.1]
    Renderer: NVIDIA GeForce GT 1030 (ID=0x1d01)
    Vendor:   
    VRAM:     1982 MB
    Driver:   27.21.14.5671
Initialize mono
Mono path[0] = 'C:/Program Files/Unity/Hub/Editor/2020.3.6f1/Editor/Data/Managed'
Mono path[1] = 'C:/Program Files/Unity/Hub/Editor/2020.3.6f1/Editor/Data/MonoBleedingEdge/lib/mono/unityjit'
Mono config path = 'C:/Program Files/Unity/Hub/Editor/2020.3.6f1/Editor/Data/MonoBleedingEdge/etc'
Using monoOptions --debugger-agent=transport=dt_socket,embedding=1,server=y,suspend=n,address=127.0.0.1:56468
Begin MonoManager ReloadAssembly
Registering precompiled unity dll's ...
Register platform support module: C:/Program Files/Unity/Hub/Editor/2020.3.6f1/Editor/Data/PlaybackEngines/WebGLSupport/UnityEditor.WebGL.Extensions.dll
Register platform support module: C:/Program Files/Unity/Hub/Editor/2020.3.6f1/Editor/Data/PlaybackEngines/WindowsStandaloneSupport/UnityEditor.WindowsStandalone.Extensions.dll
Registered in 0.002396 seconds.
Native extension for WindowsStandalone target not found
Native extension for WebGL target not found
Refreshing native plugins compatible for Editor in 51.26 ms, found 1 plugins.
Preloading 0 native plugins for Editor in 0.00 ms.
Mono: successfully reloaded assembly
- Completed reload, in  1.504 seconds
Platform modules already initialized, skipping
Registering precompiled user dll's ...
Registered in 0.001032 seconds.
Begin MonoManager ReloadAssembly
Native extension for WindowsStandalone target not found
Native extension for WebGL target not found
Refreshing native plugins compatible for Editor in 37.02 ms, found 1 plugins.
Preloading 0 native plugins for Editor in 0.00 ms.
Mono: successfully reloaded assembly
- Completed reload, in  1.094 seconds
Platform modules already initialized, skipping
========================================================================
Worker process is ready to serve import requests
Launched and connected shader compiler UnityShaderCompiler.exe after 0.07 seconds
Refreshing native plugins compatible for Editor in 0.39 ms, found 1 plugins.
Preloading 0 native plugins for Editor in 0.00 ms.
Unloading 1840 Unused Serialized files (Serialized files now loaded: 0)
System memory in use before: 86.0 MB.
System memory in use after: 85.9 MB.

Unloading 24 unused Assets to reduce memory usage. Loaded Objects now: 2284.
Total: 2.899700 ms (FindLiveObjects: 0.197100 ms CreateObjectMapping: 0.352800 ms MarkObjects: 2.198600 ms  DeleteObjects: 0.150000 ms)

========================================================================
Received Import Request.
  path: Assets/Scripts/Behvaiours/FlySpawnerBehaviour.cs
  artifactKey: Guid(422d8f9dd285a6e468b98587e613d43c) Importer(815301076,1909f56bfc062723c751e8b465ee728b)
Start importing Assets/Scripts/Behvaiours/FlySpawnerBehaviour.cs using Guid(422d8f9dd285a6e468b98587e613d43c) Importer(815301076,1909f56bfc062723c751e8b465ee728b)  -> (artifact id: 'd5d19e40c3e61f60c08ca4f0420342de') in 0.034254 seconds
  Import took 0.037661 seconds .

========================================================================
Received Import Request.
  Time since last request: 7.370747 seconds.
  path: Assets/Resources/Tiles/wall_tiles_0.asset
  artifactKey: Guid(5ba7f11d0f3018946b6408e68334a0d9) Importer(815301076,1909f56bfc062723c751e8b465ee728b)
Start importing Assets/Resources/Tiles/wall_tiles_0.asset using Guid(5ba7f11d0f3018946b6408e68334a0d9) Importer(815301076,1909f56bfc062723c751e8b465ee728b)  -> (artifact id: '529f941f3d0e058db229b38db3399da0') in 0.077440 seconds
  Import took 0.080645 seconds .

========================================================================
Received Import Request.
  Time since last request: 0.818592 seconds.
  path: Assets/Resources/Tiles/wall_tiles_1.asset
  artifactKey: Guid(1f7fd6dd2e6016b4ea5db793ef64addd) Importer(815301076,1909f56bfc062723c751e8b465ee728b)
Start importing Assets/Resources/Tiles/wall_tiles_1.asset using Guid(1f7fd6dd2e6016b4ea5db793ef64addd) Importer(815301076,1909f56bfc062723c751e8b465ee728b)  -> (artifact id: 'a3250764f8dc0ed7e12886b9b054bc01') in 0.022900 seconds
  Import took 0.026270 seconds .

========================================================================
Received Import Request.
  Time since last request: 0.899259 seconds.
  path: Assets/Resources/Tiles/wall_tiles_2.asset
  artifactKey: Guid(572e26fa03d9b4347a0ab84c2e683d25) Importer(815301076,1909f56bfc062723c751e8b465ee728b)
Start importing Assets/Resources/Tiles/wall_tiles_2.asset using Guid(572e26fa03d9b4347a0ab84c2e683d25) Importer(815301076,1909f56bfc062723c751e8b465ee728b)  -> (artifact id: 'bb51e29d98bbddd4ac8d6f6bb2d91191') in 0.022006 seconds
  Import took 0.025650 seconds .

========================================================================
Received Import Request.
  Time since last request: 0.002639 seconds.
  path: Assets/Resources/Tiles/wall_tiles_2.asset
  artifactKey: Guid(572e26fa03d9b4347a0ab84c2e683d25) Importer(815301076,1909f56bfc062723c751e8b465ee728b)
Start importing Assets/Resources/Tiles/wall_tiles_2.asset using Guid(572e26fa03d9b4347a0ab84c2e683d25) Importer(815301076,1909f56bfc062723c751e8b465ee728b)  -> (artifact id: 'bb51e29d98bbddd4ac8d6f6bb2d91191') in 0.011096 seconds
  Import took 0.015813 seconds .

========================================================================
Received Import Request.
  Time since last request: 0.361173 seconds.
  path: Assets/Resources/Tiles/wall_tiles_3.asset
  artifactKey: Guid(0f53eabcf3ea04343968948a5985f88a) Importer(815301076,1909f56bfc062723c751e8b465ee728b)
Start importing Assets/Resources/Tiles/wall_tiles_3.asset using Guid(0f53eabcf3ea04343968948a5985f88a) Importer(815301076,1909f56bfc062723c751e8b465ee728b)  -> (artifact id: '95f2974ecc142ec18dfda1f90d45112e') in 0.017055 seconds
  Import took 0.025108 seconds .

========================================================================
Received Prepare
Registering precompiled user dll's ...
Registered in 0.001130 seconds.
Begin MonoManager ReloadAssembly
Native extension for WindowsStandalone target not found
Native extension for WebGL target not found
Refreshing native plugins compatible for Editor in 0.41 ms, found 1 plugins.
Preloading 0 native plugins for Editor in 0.00 ms.
Mono: successfully reloaded assembly
- Completed reload, in  1.269 seconds
Platform modules already initialized, skipping
Refreshing native plugins compatible for Editor in 0.40 ms, found 1 plugins.
Preloading 0 native plugins for Editor in 0.00 ms.
Unloading 1835 Unused Serialized files (Serialized files now loaded: 0)
System memory in use before: 89.0 MB.
System memory in use after: 89.0 MB.

Unloading 12 unused Assets to reduce memory usage. Loaded Objects now: 2292.
Total: 2.931400 ms (FindLiveObjects: 0.215500 ms CreateObjectMapping: 0.072500 ms MarkObjects: 2.525100 ms  DeleteObjects: 0.116900 ms)

========================================================================
Received Import Request.
  Time since last request: 82.289941 seconds.
  path: Assets/Resources/Prefabs/Levels/Level1.prefab
  artifactKey: Guid(0ed497c9e18c37b4f874cbdb0c585f8c) Importer(815301076,1909f56bfc062723c751e8b465ee728b)
Start importing Assets/Resources/Prefabs/Levels/Level1.prefab using Guid(0ed497c9e18c37b4f874cbdb0c585f8c) Importer(815301076,1909f56bfc062723c751e8b465ee728b)  -> (artifact id: 'bd8ef85736bfd7a4b63ee4da1b0d064c') in 0.072986 seconds
  Import took 0.076993 seconds .

========================================================================
Received Prepare
Registering precompiled user dll's ...
Registered in 0.001028 seconds.
Begin MonoManager ReloadAssembly
Native extension for WindowsStandalone target not found
Native extension for WebGL target not found
Refreshing native plugins compatible for Editor in 0.47 ms, found 1 plugins.
Preloading 0 native plugins for Editor in 0.00 ms.
Mono: successfully reloaded assembly
- Completed reload, in  0.990 seconds
Platform modules already initialized, skipping
Refreshing native plugins compatible for Editor in 0.39 ms, found 1 plugins.
Preloading 0 native plugins for Editor in 0.00 ms.
Unloading 1835 Unused Serialized files (Serialized files now loaded: 0)
System memory in use before: 89.1 MB.
System memory in use after: 89.1 MB.

Unloading 12 unused Assets to reduce memory usage. Loaded Objects now: 2302.
Total: 2.317500 ms (FindLiveObjects: 0.184300 ms CreateObjectMapping: 0.070600 ms MarkObjects: 1.940400 ms  DeleteObjects: 0.121000 ms)

========================================================================
Received Prepare
Registering precompiled user dll's ...
Registered in 0.001182 seconds.
Begin MonoManager ReloadAssembly
Native extension for WindowsStandalone target not found
Native extension for WebGL target not found
Refreshing native plugins compatible for Editor in 0.45 ms, found 1 plugins.
Preloading 0 native plugins for Editor in 0.00 ms.
Mono: successfully reloaded assembly
- Completed reload, in  1.062 seconds
Platform modules already initialized, skipping
Refreshing native plugins compatible for Editor in 0.41 ms, found 1 plugins.
Preloading 0 native plugins for Editor in 0.00 ms.
Unloading 1835 Unused Serialized files (Serialized files now loaded: 0)
System memory in use before: 89.1 MB.
System memory in use after: 89.1 MB.

Unloading 12 unused Assets to reduce memory usage. Loaded Objects now: 2306.
Total: 2.135400 ms (FindLiveObjects: 0.305100 ms CreateObjectMapping: 0.072000 ms MarkObjects: 1.636200 ms  DeleteObjects: 0.121000 ms)

========================================================================
Received Import Request.
  Time since last request: 223.939867 seconds.
  path: Assets/Resources/Prefabs/Levels/Level1.prefab
  artifactKey: Guid(0ed497c9e18c37b4f874cbdb0c585f8c) Importer(815301076,1909f56bfc062723c751e8b465ee728b)
Start importing Assets/Resources/Prefabs/Levels/Level1.prefab using Guid(0ed497c9e18c37b4f874cbdb0c585f8c) Importer(815301076,1909f56bfc062723c751e8b465ee728b)  -> (artifact id: 'e2a20dea8a8184a3f09eee08c8c69b03') in 0.071415 seconds
  Import took 0.075108 seconds .

========================================================================
Received Prepare
Registering precompiled user dll's ...
Registered in 0.001074 seconds.
Begin MonoManager ReloadAssembly
Native extension for WindowsStandalone target not found
Native extension for WebGL target not found
Refreshing native plugins compatible for Editor in 0.44 ms, found 1 plugins.
Preloading 0 native plugins for Editor in 0.00 ms.
Mono: successfully reloaded assembly
- Completed reload, in  0.992 seconds
Platform modules already initialized, skipping
Refreshing native plugins compatible for Editor in 0.40 ms, found 1 plugins.
Preloading 0 native plugins for Editor in 0.00 ms.
Unloading 1835 Unused Serialized files (Serialized files now loaded: 0)
System memory in use before: 89.2 MB.
System memory in use after: 89.1 MB.

Unloading 12 unused Assets to reduce memory usage. Loaded Objects now: 2311.
Total: 1.994200 ms (FindLiveObjects: 0.185000 ms CreateObjectMapping: 0.070200 ms MarkObjects: 1.626000 ms  DeleteObjects: 0.112300 ms)

========================================================================
Received Prepare
Registering precompiled user dll's ...
Registered in 0.001030 seconds.
Begin MonoManager ReloadAssembly
Native extension for WindowsStandalone target not found
Native extension for WebGL target not found
Refreshing native plugins compatible for Editor in 0.53 ms, found 1 plugins.
Preloading 0 native plugins for Editor in 0.00 ms.
Mono: successfully reloaded assembly
- Completed reload, in  1.191 seconds
Platform modules already initialized, skipping
Refreshing native plugins compatible for Editor in 0.40 ms, found 1 plugins.
Preloading 0 native plugins for Editor in 0.00 ms.
Unloading 1835 Unused Serialized files (Serialized files now loaded: 0)
System memory in use before: 89.2 MB.
System memory in use after: 89.2 MB.

Unloading 12 unused Assets to reduce memory usage. Loaded Objects now: 2315.
Total: 2.705700 ms (FindLiveObjects: 0.252100 ms CreateObjectMapping: 0.084500 ms MarkObjects: 2.220800 ms  DeleteObjects: 0.147200 ms)

========================================================================
Received Prepare
Registering precompiled user dll's ...
Registered in 0.001223 seconds.
Begin MonoManager ReloadAssembly
Native extension for WindowsStandalone target not found
Native extension for WebGL target not found
Refreshing native plugins compatible for Editor in 0.42 ms, found 1 plugins.
Preloading 0 native plugins for Editor in 0.00 ms.
Mono: successfully reloaded assembly
- Completed reload, in  0.953 seconds
Platform modules already initialized, skipping
Refreshing native plugins compatible for Editor in 0.41 ms, found 1 plugins.
Preloading 0 native plugins for Editor in 0.00 ms.
Unloading 1835 Unused Serialized files (Serialized files now loaded: 0)
System memory in use before: 89.1 MB.
System memory in use after: 89.1 MB.

Unloading 12 unused Assets to reduce memory usage. Loaded Objects now: 2319.
Total: 2.092000 ms (FindLiveObjects: 0.186100 ms CreateObjectMapping: 0.067600 ms MarkObjects: 1.720800 ms  DeleteObjects: 0.116600 ms)

========================================================================
Received Prepare
Registering precompiled user dll's ...
Registered in 0.001490 seconds.
Begin MonoManager ReloadAssembly
Native extension for WindowsStandalone target not found
Native extension for WebGL target not found
Refreshing native plugins compatible for Editor in 0.46 ms, found 1 plugins.
Preloading 0 native plugins for Editor in 0.00 ms.
Mono: successfully reloaded assembly
- Completed reload, in  1.237 seconds
Platform modules already initialized, skipping
Refreshing native plugins compatible for Editor in 0.40 ms, found 1 plugins.
Preloading 0 native plugins for Editor in 0.00 ms.
Unloading 1835 Unused Serialized files (Serialized files now loaded: 0)
System memory in use before: 89.2 MB.
System memory in use after: 89.1 MB.

Unloading 12 unused Assets to reduce memory usage. Loaded Objects now: 2323.
Total: 2.207100 ms (FindLiveObjects: 0.207100 ms CreateObjectMapping: 0.068400 ms MarkObjects: 1.816100 ms  DeleteObjects: 0.114000 ms)

========================================================================
Received Prepare
Registering precompiled user dll's ...
Registered in 0.001053 seconds.
Begin MonoManager ReloadAssembly
Native extension for WindowsStandalone target not found
Native extension for WebGL target not found
Refreshing native plugins compatible for Editor in 0.55 ms, found 1 plugins.
Preloading 0 native plugins for Editor in 0.00 ms.
Mono: successfully reloaded assembly
- Completed reload, in  1.199 seconds
Platform modules already initialized, skipping
Refreshing native plugins compatible for Editor in 0.42 ms, found 1 plugins.
Preloading 0 native plugins for Editor in 0.00 ms.
Unloading 1835 Unused Serialized files (Serialized files now loaded: 0)
System memory in use before: 89.2 MB.
System memory in use after: 89.1 MB.

Unloading 12 unused Assets to reduce memory usage. Loaded Objects now: 2327.
Total: 4.227700 ms (FindLiveObjects: 0.186600 ms CreateObjectMapping: 0.070400 ms MarkObjects: 3.846200 ms  DeleteObjects: 0.123100 ms)

========================================================================
Received Prepare
Registering precompiled user dll's ...
Registered in 0.001101 seconds.
Begin MonoManager ReloadAssembly
Native extension for WindowsStandalone target not found
Native extension for WebGL target not found
Refreshing native plugins compatible for Editor in 0.72 ms, found 1 plugins.
Preloading 0 native plugins for Editor in 0.00 ms.
Mono: successfully reloaded assembly
- Completed reload, in  1.240 seconds
Platform modules already initialized, skipping
Refreshing native plugins compatible for Editor in 0.55 ms, found 1 plugins.
Preloading 0 native plugins for Editor in 0.00 ms.
Unloading 1835 Unused Serialized files (Serialized files now loaded: 0)
System memory in use before: 89.2 MB.
System memory in use after: 89.1 MB.

Unloading 12 unused Assets to reduce memory usage. Loaded Objects now: 2331.
Total: 11.604700 ms (FindLiveObjects: 2.444200 ms CreateObjectMapping: 0.409500 ms MarkObjects: 8.375600 ms  DeleteObjects: 0.374100 ms)

========================================================================
Received Import Request.
  Time since last request: 1189.986366 seconds.
  path: Assets/Resources/Images/Tiles.png
  artifactKey: Guid(011d3aff48405174caaaca60b3639e8a) Importer(815301076,1909f56bfc062723c751e8b465ee728b)
Start importing Assets/Resources/Images/Tiles.png using Guid(011d3aff48405174caaaca60b3639e8a) Importer(815301076,1909f56bfc062723c751e8b465ee728b)  -> (artifact id: 'c0d3b4f05945def32b98c5e56bfd2b8e') in 0.095089 seconds
  Import took 0.103879 seconds .

========================================================================
Received Import Request.
  Time since last request: 0.000266 seconds.
  path: Assets/Resources/Images/watertile.png
  artifactKey: Guid(1b546bee989043b4d944cafbe5074ed1) Importer(815301076,1909f56bfc062723c751e8b465ee728b)
Start importing Assets/Resources/Images/watertile.png using Guid(1b546bee989043b4d944cafbe5074ed1) Importer(815301076,1909f56bfc062723c751e8b465ee728b)  -> (artifact id: 'e55e20b70f855b47129f8d6ec09c2ec4') in 0.049356 seconds
  Import took 0.053136 seconds .

========================================================================
Received Import Request.
  Time since last request: 0.000194 seconds.
  path: Assets/Resources/Images/WizardFrog1.png
  artifactKey: Guid(065501ab3b554664da4401aa35f7257c) Importer(815301076,1909f56bfc062723c751e8b465ee728b)
Start importing Assets/Resources/Images/WizardFrog1.png using Guid(065501ab3b554664da4401aa35f7257c) Importer(815301076,1909f56bfc062723c751e8b465ee728b)  -> (artifact id: '9b74c9b4a9b8f18137fd3d71c7346b0d') in 0.022331 seconds
  Import took 0.025566 seconds .

========================================================================
Received Import Request.
  Time since last request: 6.587927 seconds.
  path: Assets/Resources/Images/Tiles
  artifactKey: Guid(8e823c77c3e83ae488d22ab827a13f35) Importer(815301076,1909f56bfc062723c751e8b465ee728b)
Start importing Assets/Resources/Images/Tiles using Guid(8e823c77c3e83ae488d22ab827a13f35) Importer(815301076,1909f56bfc062723c751e8b465ee728b)  -> (artifact id: '4a425d8a404c711efdd4327c0da5ba5b') in 0.009904 seconds
  Import took 0.016658 seconds .

========================================================================
Received Prepare
Registering precompiled user dll's ...
Registered in 0.001086 seconds.
Begin MonoManager ReloadAssembly
Native extension for WindowsStandalone target not found
Native extension for WebGL target not found
Refreshing native plugins compatible for Editor in 0.43 ms, found 1 plugins.
Preloading 0 native plugins for Editor in 0.00 ms.
Mono: successfully reloaded assembly
- Completed reload, in  1.014 seconds
Platform modules already initialized, skipping
Refreshing native plugins compatible for Editor in 0.40 ms, found 1 plugins.
Preloading 0 native plugins for Editor in 0.00 ms.
Unloading 1835 Unused Serialized files (Serialized files now loaded: 0)
System memory in use before: 89.2 MB.
System memory in use after: 89.2 MB.

Unloading 12 unused Assets to reduce memory usage. Loaded Objects now: 2342.
Total: 2.071700 ms (FindLiveObjects: 0.192200 ms CreateObjectMapping: 0.069400 ms MarkObjects: 1.693400 ms  DeleteObjects: 0.115700 ms)

